/ |#                                                  | 0 Elapsed Time: 0:00:00
- |            #                                      | 1 Elapsed Time: 0:00:01
/rhome/akumar/anaconda3/envs/pywrf/lib/python3.6/site-packages/matplotlib/quiver.py:668: RuntimeWarning: Mean of empty slice.
  amean = a[~self.Umask].mean()
/rhome/akumar/anaconda3/envs/pywrf/lib/python3.6/site-packages/numpy/core/_methods.py:170: RuntimeWarning: invalid value encountered in true_divide
  ret = ret.dtype.type(ret / rcount)
\ |                              #                    | 2 Elapsed Time: 0:00:03
| |                                              #    | 3 Elapsed Time: 0:00:04
/ |                                    #              | 4 Elapsed Time: 0:00:06
- |                   #                               | 5 Elapsed Time: 0:00:08
\ |  #                                                | 6 Elapsed Time: 0:00:09
| |               #                                   | 7 Elapsed Time: 0:00:11
/ |                                  #                | 8 Elapsed Time: 0:00:13
- |                                                #  | 9 Elapsed Time: 0:00:15
\ |                       #                          | 10 Elapsed Time: 0:00:17
| |       #                                          | 11 Elapsed Time: 0:00:19
/ |           #                                      | 12 Elapsed Time: 0:00:21
- |                           #                      | 13 Elapsed Time: 0:00:22
\ |                                             #    | 14 Elapsed Time: 0:00:24
| |                                    #             | 15 Elapsed Time: 0:00:26
/ |                  #                               | 16 Elapsed Time: 0:00:28
- |  #                                               | 17 Elapsed Time: 0:00:29
\ |                 #                                | 18 Elapsed Time: 0:00:31
| |                                  #               | 19 Elapsed Time: 0:00:33
/ |                                                # | 20 Elapsed Time: 0:00:35
plot_vertical_cross_section_quiver.py:79: RuntimeWarning: More than 20 figures have been opened. Figures created through the pyplot interface (`matplotlib.pyplot.figure`) are retained until explicitly closed and may consume too much memory. (To control this warning, see the rcParam `figure.max_open_warning`).
  fig = plt.figure(figsize=(8, 6))
- |                              #                   | 21 Elapsed Time: 0:00:36
\ |             #                                    | 22 Elapsed Time: 0:00:38
| |     #                                            | 23 Elapsed Time: 0:00:40
/ |                        #                         | 24 Elapsed Time: 0:00:42
- |                                         #        | 25 Elapsed Time: 0:00:44
\ |                               #                  | 26 Elapsed Time: 0:00:46
| |        #                                         | 27 Elapsed Time: 0:00:49
/ |         #                                        | 28 Elapsed Time: 0:00:50
- |                           #                      | 29 Elapsed Time: 0:00:52
\ |                                            #     | 30 Elapsed Time: 0:00:54
| |                                     #            | 31 Elapsed Time: 0:00:56
/ |                     #                            | 32 Elapsed Time: 0:00:57
- |   #                                              | 33 Elapsed Time: 0:00:59
\ |             #                                    | 34 Elapsed Time: 0:01:01
| |                                #                 | 35 Elapsed Time: 0:01:03
/ |                                                 #| 36 Elapsed Time: 0:01:04
- |                                 #                | 37 Elapsed Time: 0:01:06
\ |                #                                 | 38 Elapsed Time: 0:01:08
| |#                                                 | 39 Elapsed Time: 0:01:09
/ |                 #                                | 40 Elapsed Time: 0:01:11
- |                                  #               | 41 Elapsed Time: 0:01:13
\ |                                                # | 42 Elapsed Time: 0:01:15
| |                            #                     | 43 Elapsed Time: 0:01:17
/ |            #                                     | 44 Elapsed Time: 0:01:18
- |    #                                             | 45 Elapsed Time: 0:01:20
\ |                      #                           | 46 Elapsed Time: 0:01:22
| |                                        #         | 47 Elapsed Time: 0:01:24
/ |                                        #         | 48 Elapsed Time: 0:01:25
- |                        #                         | 49 Elapsed Time: 0:01:27
\ |      #                                           | 50 Elapsed Time: 0:01:29
| |           #                                      | 51 Elapsed Time: 0:01:31
/ |                              #                   | 52 Elapsed Time: 0:01:33
- |                                                 #| 53 Elapsed Time: 0:01:34
\ |                                 #                | 54 Elapsed Time: 0:01:36
| |                 #                                | 55 Elapsed Time: 0:01:38
/ | #                                                | 56 Elapsed Time: 0:01:40
- |                   #                              | 57 Elapsed Time: 0:01:41
\ |                                       #          | 58 Elapsed Time: 0:01:43
| |                                        #         | 59 Elapsed Time: 0:01:45
/ |                      #                           | 60 Elapsed Time: 0:01:47
- |     #                                            | 61 Elapsed Time: 0:01:49
\ |                #                                 | 62 Elapsed Time: 0:01:51
| |                                 #                | 63 Elapsed Time: 0:01:53
/ |                                                # | 64 Elapsed Time: 0:01:55
- |                               #                  | 65 Elapsed Time: 0:01:56
\ |               #                                  | 66 Elapsed Time: 0:01:58
| |   #                                              | 67 Elapsed Time: 0:02:00
/ |                   #                              | 68 Elapsed Time: 0:02:01
- |                                    #             | 69 Elapsed Time: 0:02:03
\ |                                             #    | 70 Elapsed Time: 0:02:05
| |                             #                    | 71 Elapsed Time: 0:02:07
/ |            #                                     | 72 Elapsed Time: 0:02:08
- |       #                                          | 73 Elapsed Time: 0:02:10
\ |                            #                     | 74 Elapsed Time: 0:02:12
| |                                                # | 75 Elapsed Time: 0:02:14
/ |                                #                 | 76 Elapsed Time: 0:02:16
- |            #                                     | 77 Elapsed Time: 0:02:18
\ |      #                                           | 78 Elapsed Time: 0:02:20
| |                        #                         | 79 Elapsed Time: 0:02:22
/ |                                         #        | 80 Elapsed Time: 0:02:24
- |                                       #          | 81 Elapsed Time: 0:02:26
\ |                    #                             | 82 Elapsed Time: 0:02:27
| |  #                                               | 83 Elapsed Time: 0:02:29
/ |                #                                 | 84 Elapsed Time: 0:02:31
- |                                     #            | 85 Elapsed Time: 0:02:33
\ |                                             #    | 86 Elapsed Time: 0:02:35
| |                      #                           | 87 Elapsed Time: 0:02:37
/ |   #                                              | 88 Elapsed Time: 0:02:39
- |                #                                 | 89 Elapsed Time: 0:02:41
\ |                                    #             | 90 Elapsed Time: 0:02:43
| |                                              #   | 91 Elapsed Time: 0:02:45
/ |                          #                       | 92 Elapsed Time: 0:02:47
- |    #                                             | 93 Elapsed Time: 0:02:49
\ |             #                                    | 94 Elapsed Time: 0:02:51
| |                              #                   | 95 Elapsed Time: 0:02:53
/ |                                                 #| 96 Elapsed Time: 0:02:55
- |                               #                  | 97 Elapsed Time: 0:02:56
\ |              #                                   | 98 Elapsed Time: 0:02:58
| |    #                                             | 99 Elapsed Time: 0:03:00
/ |                                       #         | 100 Elapsed Time: 0:03:02
- |                     #                           | 101 Elapsed Time: 0:03:04
\ |  #                                              | 102 Elapsed Time: 0:03:06
| |                     #                           | 103 Elapsed Time: 0:03:08
/ |                                          #      | 104 Elapsed Time: 0:03:10
- |                                   #             | 105 Elapsed Time: 0:03:12
\ |              #                                  | 106 Elapsed Time: 0:03:14
| |   #                                             | 107 Elapsed Time: 0:03:16
/ |                       #                         | 108 Elapsed Time: 0:03:18
- |                                           #     | 109 Elapsed Time: 0:03:20
\ |                                  #              | 110 Elapsed Time: 0:03:22
| |               #                                 | 111 Elapsed Time: 0:03:24
/ |  #                                              | 112 Elapsed Time: 0:03:26
- |                     #                           | 113 Elapsed Time: 0:03:27
\ |                                         #       | 114 Elapsed Time: 0:03:29
| |                                     #           | 115 Elapsed Time: 0:03:31
/ |                 #                               | 116 Elapsed Time: 0:03:33
- |  #                                              | 117 Elapsed Time: 0:03:35
\ |                      #                          | 118 Elapsed Time: 0:03:37
| |                                         #       | 119 Elapsed Time: 0:03:39
/ |                                 #               | 120 Elapsed Time: 0:03:42
- |              #                                  | 121 Elapsed Time: 0:03:43
\ |     #                                           | 122 Elapsed Time: 0:03:45
| |                         #                       | 123 Elapsed Time: 0:03:47
/ |                                              #  | 124 Elapsed Time: 0:03:50
- |                                 #               | 125 Elapsed Time: 0:03:51
\ |            #                                    | 126 Elapsed Time: 0:03:53
| |     #                                           | 127 Elapsed Time: 0:03:55
/ |                         #                       | 128 Elapsed Time: 0:03:57
- |                                            #    | 129 Elapsed Time: 0:03:59
\ |                                  #              | 130 Elapsed Time: 0:04:01
| |                #                                | 131 Elapsed Time: 0:04:03
/ |#                                                | 132 Elapsed Time: 0:04:05
| |                    #                            | 132 Elapsed Time: 0:04:07
