/ |#                                                  | 0 Elapsed Time: 0:00:00
- |                                 #                 | 1 Elapsed Time: 0:00:03
\ |                                      #            | 2 Elapsed Time: 0:00:06
| |           #                                       | 3 Elapsed Time: 0:00:09
/ |                 #                                 | 4 Elapsed Time: 0:00:11
- |                                               #   | 5 Elapsed Time: 0:00:14
\ |                      #                            | 6 Elapsed Time: 0:00:18
| |     #                                             | 7 Elapsed Time: 0:00:20
/ |                                   #               | 8 Elapsed Time: 0:00:23
- |                                     #             | 9 Elapsed Time: 0:00:26
\ | #                                                | 10 Elapsed Time: 0:00:29
| |                           #                      | 11 Elapsed Time: 0:00:32
/ |                                           #      | 12 Elapsed Time: 0:00:35
- |           #                                      | 13 Elapsed Time: 0:00:38
\ |                #                                 | 14 Elapsed Time: 0:00:41
| |                                             #    | 15 Elapsed Time: 0:00:44
/ |                        #                         | 16 Elapsed Time: 0:00:47
- |    #                                             | 17 Elapsed Time: 0:00:50
\ |                                  #               | 18 Elapsed Time: 0:00:53
| |                                   #              | 19 Elapsed Time: 0:00:56
/ |    #                                             | 20 Elapsed Time: 0:00:59
- |                        #                         | 21 Elapsed Time: 0:01:02
\ |                                                 #| 22 Elapsed Time: 0:01:05
| |                    #                             | 23 Elapsed Time: 0:01:07
/ |         #                                        | 24 Elapsed Time: 0:01:10
- |                                       #          | 25 Elapsed Time: 0:01:13
\ |                              #                   | 26 Elapsed Time: 0:01:16
| |  #                                               | 27 Elapsed Time: 0:01:20
/ |                                   #              | 28 Elapsed Time: 0:01:23
- |                                    #             | 29 Elapsed Time: 0:01:26
\ |      #                                           | 30 Elapsed Time: 0:01:29
| |                        #                         | 31 Elapsed Time: 0:01:32
/ |                                           #      | 32 Elapsed Time: 0:01:35
- |           #                                      | 33 Elapsed Time: 0:01:38
\ |                   #                              | 34 Elapsed Time: 0:01:41
| |                                                 #| 35 Elapsed Time: 0:01:44
| |                   #                              | 35 Elapsed Time: 0:01:48
